#
# There is insufficient memory for the Java Runtime Environment to continue.
# Native memory allocation (mmap) failed to map 4161536 bytes for G1 virtual space
# Possible reasons:
#   The system is out of physical RAM or swap space
#   The process is running with CompressedOops enabled, and the Java Heap may be blocking the growth of the native heap
# Possible solutions:
#   Reduce memory load on the system
#   Increase physical memory or swap space
#   Check if swap backing store is full
#   Decrease Java heap size (-Xmx/-Xms)
#   Decrease number of Java threads
#   Decrease Java thread stack sizes (-Xss)
#   Set larger code cache with -XX:ReservedCodeCacheSize=
#   JVM is running with Zero Based Compressed Oops mode in which the Java heap is
#     placed in the first 32GB address space. The Java Heap base address is the
#     maximum limit for the native heap growth. Please use -XX:HeapBaseMinAddress
#     to set the Java Heap base and to place the Java Heap above 32GB virtual address.
# This output file may be truncated or incomplete.
#
#  Out of Memory Error (os_windows.cpp:3769), pid=66996, tid=78656
#
# JRE version:  (17.0.6+10) (build )
# Java VM: OpenJDK 64-Bit Server VM (17.0.6+10-b829.5, mixed mode, sharing, tiered, compressed oops, compressed class ptrs, g1 gc, windows-amd64)
# No core dump will be written. Minidumps are not enabled by default on client versions of Windows
#

---------------  S U M M A R Y ------------

Command Line: -Dfile.encoding=utf-8 C:\Users\Lenovo\AppData\Local\Huawei\Sdk\openharmony\9\toolchains\lib\app_packing_tool.jar --mode hap --force true --lib-path D:\MyApplication4\entry\build\default\intermediates\libs\default --json-path D:\MyApplication4\entry\build\default\intermediates\res\default\module.json --resources-path D:\MyApplication4\entry\build\default\intermediates\res\default\resources --index-path D:\MyApplication4\entry\build\default\intermediates\res\default\resources.index --pack-info-path D:\MyApplication4\entry\build\default\outputs\default\pack.info --out-path D:\MyApplication4\entry\build\default\outputs\default\entry-default-unsigned.hap --ets-path D:\MyApplication4\entry\build\default\intermediates\loader_out\default\ets

Host: 12th Gen Intel(R) Core(TM) i7-12700H, 20 cores, 15G,  Windows 11 , 64 bit Build 22621 (10.0.22621.4391)
Time: Sun Dec 15 23:13:27 2024  Windows 11 , 64 bit Build 22621 (10.0.22621.4391) elapsed time: 0.011804 seconds (0d 0h 0m 0s)

---------------  T H R E A D  ---------------

Current thread (0x0000014bbb88ee00):  JavaThread "Unknown thread" [_thread_in_vm, id=78656, stack(0x0000002810000000,0x0000002810100000)]

Stack: [0x0000002810000000,0x0000002810100000]
Native frames: (J=compiled Java code, j=interpreted, Vv=VM code, C=native code)
V  [jvm.dll+0x683b4a]
V  [jvm.dll+0x842654]
V  [jvm.dll+0x843dfe]
V  [jvm.dll+0x844463]
V  [jvm.dll+0x249b75]
V  [jvm.dll+0x680a19]
V  [jvm.dll+0x674f0a]
V  [jvm.dll+0x309acb]
V  [jvm.dll+0x310f86]
V  [jvm.dll+0x360918]
V  [jvm.dll+0x360b1f]
V  [jvm.dll+0x2dfbf8]
V  [jvm.dll+0x2e0b64]
V  [jvm.dll+0x813f41]
V  [jvm.dll+0x36e6a1]
V  [jvm.dll+0x7f347c]
V  [jvm.dll+0x3f0e8f]
V  [jvm.dll+0x3f29d1]
C  [jli.dll+0x526b]
C  [ucrtbase.dll+0x29333]
C  [KERNEL32.DLL+0x1259d]
C  [ntdll.dll+0x5af38]


---------------  P R O C E S S  ---------------

Threads class SMR info:
_java_thread_list=0x00007ffcc9a2c058, length=0, elements={
}

Java Threads: ( => current thread )

Other Threads:
  0x0000014bbb8fe590 GCTaskThread "GC Thread#0" [stack: 0x0000002810100000,0x0000002810200000] [id=82148]
  0x0000014bbb90f040 ConcurrentGCThread "G1 Main Marker" [stack: 0x0000002810200000,0x0000002810300000] [id=104940]
  0x0000014bbb90f8f0 ConcurrentGCThread "G1 Conc#0" [stack: 0x0000002810300000,0x0000002810400000] [id=31448]

[error occurred during error reporting (printing all threads), id 0xc0000005, EXCEPTION_ACCESS_VIOLATION (0xc0000005) at pc=0x00007ffcc91e0797]

VM state: not at safepoint (not fully initialized)

VM Mutex/Monitor currently owned by a thread:  ([mutex/lock_event])
[0x0000014bbb889fa0] Heap_lock - owner thread: 0x0000014bbb88ee00

Heap address: 0x0000000703200000, size: 4046 MB, Compressed Oops mode: Zero based, Oop shift amount: 3

CDS archive(s) mapped at: [0x0000000000000000-0x0000000000000000-0x0000000000000000), size 0, SharedBaseAddress: 0x0000000800000000, ArchiveRelocationMode: 0.
Narrow klass base: 0x0000000000000000, Narrow klass shift: 0, Narrow klass range: 0x0

GC Precious Log:
<Empty>

Heap:
 garbage-first heap   total 0K, used 0K [0x0000000703200000, 0x0000000800000000)
  region size 2048K, 0 young (0K), 0 survivors (0K)

[error occurred during error reporting (printing heap information), id 0xc0000005, EXCEPTION_ACCESS_VIOLATION (0xc0000005) at pc=0x00007ffcc95cd939]

GC Heap History (0 events):
No events

Dll operation events (1 events):
Event: 0.007 Loaded shared library D:\鸿蒙开发IDE\DevEco Studio\jbr\bin\java.dll

Deoptimization events (0 events):
No events

Classes unloaded (0 events):
No events

Classes redefined (0 events):
No events

Internal exceptions (0 events):
No events

VM Operations (0 events):
No events

Events (0 events):
No events


Dynamic libraries:
0x00007ff752520000 - 0x00007ff75252a000 	D:\鸿蒙开发IDE\DevEco Studio\jbr\bin\java.exe
0x00007ffd5f130000 - 0x00007ffd5f347000 	C:\WINDOWS\SYSTEM32\ntdll.dll
0x00007ffd5d2b0000 - 0x00007ffd5d374000 	C:\WINDOWS\System32\KERNEL32.DLL
0x00007ffd5c940000 - 0x00007ffd5ccf9000 	C:\WINDOWS\System32\KERNELBASE.dll
0x00007ffd5c590000 - 0x00007ffd5c6a1000 	C:\WINDOWS\System32\ucrtbase.dll
0x00007ffd4ca40000 - 0x00007ffd4ca57000 	D:\鸿蒙开发IDE\DevEco Studio\jbr\bin\jli.dll
0x00007ffd4c6f0000 - 0x00007ffd4c70b000 	D:\鸿蒙开发IDE\DevEco Studio\jbr\bin\VCRUNTIME140.dll
0x00007ffd5ee00000 - 0x00007ffd5efae000 	C:\WINDOWS\System32\USER32.dll
0x00007ffd5c4a0000 - 0x00007ffd5c4c6000 	C:\WINDOWS\System32\win32u.dll
0x00007ffd5f0c0000 - 0x00007ffd5f0e9000 	C:\WINDOWS\System32\GDI32.dll
0x00007ffd5cd00000 - 0x00007ffd5ce1b000 	C:\WINDOWS\System32\gdi32full.dll
0x00007ffd5c820000 - 0x00007ffd5c8ba000 	C:\WINDOWS\System32\msvcp_win.dll
0x00007ffd4ee50000 - 0x00007ffd4f0e2000 	C:\WINDOWS\WinSxS\amd64_microsoft.windows.common-controls_6595b64144ccf1df_6.0.22621.4391_none_2715d37f73803e96\COMCTL32.dll
0x00007ffd5d150000 - 0x00007ffd5d1f7000 	C:\WINDOWS\System32\msvcrt.dll
0x00007ffd5d090000 - 0x00007ffd5d0c1000 	C:\WINDOWS\System32\IMM32.DLL
0x00007ffd4c570000 - 0x00007ffd4c57c000 	D:\鸿蒙开发IDE\DevEco Studio\jbr\bin\vcruntime140_1.dll
0x00007ffd0edb0000 - 0x00007ffd0ee3d000 	D:\鸿蒙开发IDE\DevEco Studio\jbr\bin\msvcp140.dll
0x00007ffcc8ef0000 - 0x00007ffcc9b5d000 	D:\鸿蒙开发IDE\DevEco Studio\jbr\bin\server\jvm.dll
0x00007ffd5cfd0000 - 0x00007ffd5d082000 	C:\WINDOWS\System32\ADVAPI32.dll
0x00007ffd5e660000 - 0x00007ffd5e707000 	C:\WINDOWS\System32\sechost.dll
0x00007ffd5ce20000 - 0x00007ffd5ce48000 	C:\WINDOWS\System32\bcrypt.dll
0x00007ffd5ec60000 - 0x00007ffd5ed74000 	C:\WINDOWS\System32\RPCRT4.dll
0x00007ffd41fd0000 - 0x00007ffd41fd9000 	C:\WINDOWS\SYSTEM32\WSOCK32.dll
0x00007ffd5ed80000 - 0x00007ffd5edf1000 	C:\WINDOWS\System32\WS2_32.dll
0x00007ffd55d80000 - 0x00007ffd55db4000 	C:\WINDOWS\SYSTEM32\WINMM.dll
0x00007ffd53f10000 - 0x00007ffd53f1a000 	C:\WINDOWS\SYSTEM32\VERSION.dll
0x00007ffd5b470000 - 0x00007ffd5b488000 	C:\WINDOWS\SYSTEM32\kernel.appcore.dll
0x00007ffd56650000 - 0x00007ffd5665a000 	D:\鸿蒙开发IDE\DevEco Studio\jbr\bin\jimage.dll
0x00007ffd59cd0000 - 0x00007ffd59f02000 	C:\WINDOWS\SYSTEM32\DBGHELP.DLL
0x00007ffd5e710000 - 0x00007ffd5ea9f000 	C:\WINDOWS\System32\combase.dll
0x00007ffd5efe0000 - 0x00007ffd5f0b7000 	C:\WINDOWS\System32\OLEAUT32.dll
0x00007ffd3d960000 - 0x00007ffd3d992000 	C:\WINDOWS\SYSTEM32\dbgcore.DLL
0x00007ffd5c8c0000 - 0x00007ffd5c93b000 	C:\WINDOWS\System32\bcryptPrimitives.dll
0x00007ffd4ca60000 - 0x00007ffd4ca85000 	D:\鸿蒙开发IDE\DevEco Studio\jbr\bin\java.dll

dbghelp: loaded successfully - version: 4.0.5 - missing functions: none
symbol engine: initialized successfully - sym options: 0x614 - pdb path: .;D:\鸿蒙开发IDE\DevEco Studio\jbr\bin;C:\WINDOWS\SYSTEM32;C:\WINDOWS\WinSxS\amd64_microsoft.windows.common-controls_6595b64144ccf1df_6.0.22621.4391_none_2715d37f73803e96;D:\鸿蒙开发IDE\DevEco Studio\jbr\bi;D:\鸿蒙开发IDE\DevEco Studio\jb

VM Arguments:
jvm_args: -Dfile.encoding=utf-8 
java_command: C:\Users\Lenovo\AppData\Local\Huawei\Sdk\openharmony\9\toolchains\lib\app_packing_tool.jar --mode hap --force true --lib-path D:\MyApplication4\entry\build\default\intermediates\libs\default --json-path D:\MyApplication4\entry\build\default\intermediates\res\default\module.json --resources-path D:\MyApplication4\entry\build\default\intermediates\res\default\resources --index-path D:\MyApplication4\entry\build\default\intermediates\res\default\resources.index --pack-info-path D:\MyApplication4\entry\build\default\outputs\default\pack.info --out-path D:\MyApplication4\entry\build\default\outputs\default\entry-default-unsigned.hap --ets-path D:\MyApplication4\entry\build\default\intermediates\loader_out\default\ets
java_class_path (initial): C:\Users\Lenovo\AppData\Local\Huawei\Sdk\openharmony\9\toolchains\lib\app_packing_tool.jar
Launcher Type: SUN_STANDARD

[Global flags]
     intx CICompilerCount                          = 12                                        {product} {ergonomic}
     uint ConcGCThreads                            = 4                                         {product} {ergonomic}
     uint G1ConcRefinementThreads                  = 15                                        {product} {ergonomic}
   size_t G1HeapRegionSize                         = 2097152                                   {product} {ergonomic}
    uintx GCDrainStackTargetSize                   = 64                                        {product} {ergonomic}
   size_t InitialHeapSize                          = 266338304                                 {product} {ergonomic}
   size_t MarkStackSize                            = 4194304                                   {product} {ergonomic}
   size_t MaxHeapSize                              = 4242538496                                {product} {ergonomic}
   size_t MinHeapDeltaBytes                        = 2097152                                   {product} {ergonomic}
   size_t MinHeapSize                              = 8388608                                   {product} {ergonomic}
    uintx NonNMethodCodeHeapSize                   = 7602480                                {pd product} {ergonomic}
    uintx NonProfiledCodeHeapSize                  = 122027880                              {pd product} {ergonomic}
    uintx ProfiledCodeHeapSize                     = 122027880                              {pd product} {ergonomic}
    uintx ReservedCodeCacheSize                    = 251658240                              {pd product} {ergonomic}
     bool SegmentedCodeCache                       = true                                      {product} {ergonomic}
   size_t SoftMaxHeapSize                          = 4242538496                             {manageable} {ergonomic}
     bool UseCompressedClassPointers               = true                           {product lp64_product} {ergonomic}
     bool UseCompressedOops                        = true                           {product lp64_product} {ergonomic}
     bool UseG1GC                                  = true                                      {product} {ergonomic}
     bool UseLargePagesIndividualAllocation        = false                                  {pd product} {ergonomic}

Logging:
Log output configuration:
 #0: stdout all=warning uptime,level,tags
 #1: stderr all=off uptime,level,tags

Environment Variables:
JAVA_HOME=D:\鸿蒙开发IDE\DevEco Studio\jbr
PATH=C:\Users\Lenovo\nodejs;D:\鸿蒙开发IDE\DevEco Studio\jbr\bin;D:\CUDA\bin;D:\CUDA\libvvp;C:\Program Files (x86)\Common Files\Oracle\Java\javapath;D:\Scripts\;D:\;C:\Windows\system32;C:\Windows;C:\Windows\System32\Wbem;C:\Windows\System32\WindowsPowerShell\v1.0\;C:\Windows\System32\OpenSSH\;C:\Program Files (x86)\NVIDIA Corporation\PhysX\Common;C:\Program Files\NVIDIA Corporation\NVIDIA NvDLISR;C:\Program Files (x86)\dotnet\;C:\WINDOWS\system32;C:\WINDOWS;C:\WINDOWS\System32\Wbem;C:\WINDOWS\System32\WindowsPowerShell\v1.0\;C:\WINDOWS\System32\OpenSSH\;C:\Program Files\NVIDIA Corporation\Nsight Compute 2024.3.2\;C:\Program Files\MySQL\MySQL Shell 8.0\bin\;C:\Users\Lenovo\AppData\Local\Programs\Python\Python310\Scripts\;C:\Users\Lenovo\AppData\Local\Programs\Python\Python310\;C:\Users\Lenovo\AppData\Local\Microsoft\WindowsApps;;D:\PyCharm Community Edition 2022.2.3\bin;;D:\Microsoft VS Code\bin
USERNAME=Lenovo
OS=Windows_NT
PROCESSOR_IDENTIFIER=Intel64 Family 6 Model 154 Stepping 3, GenuineIntel
TMP=C:\Users\Lenovo\AppData\Local\Temp
TEMP=C:\Users\Lenovo\AppData\Local\Temp



---------------  S Y S T E M  ---------------

OS:
 Windows 11 , 64 bit Build 22621 (10.0.22621.4391)
OS uptime: 24 days 6:24 hours

CPU: total 20 (initial active 20) (10 cores per cpu, 2 threads per core) family 6 model 154 stepping 3 microcode 0x413, cx8, cmov, fxsr, ht, mmx, 3dnowpref, sse, sse2, sse3, ssse3, sse4.1, sse4.2, popcnt, lzcnt, tsc, tscinvbit, avx, avx2, aes, erms, clmul, bmi1, bmi2, adx, sha, fma, vzeroupper, clflush, clflushopt, clwb

Memory: 4k page, system-wide physical 16176M (374M free)
TotalPageFile size 41776M (AvailPageFile size 5M)
current process WorkingSet (physical memory assigned to process): 11M, peak: 11M
current process commit charge ("private bytes"): 333M, peak: 337M

vm_info: OpenJDK 64-Bit Server VM (17.0.6+10-b829.5) for windows-amd64 JRE (17.0.6+10-b829.5), built on 2023-02-24 by "builduser" with MS VC++ 16.10 / 16.11 (VS2019)

END.
